{"level":"info","message":"Hehehe haw","service":"acquisitions-api"}
{"level":"info","message":"Hehehe haw","service":"acquisitions-api"}
{"level":"info","message":"::1 - - [25/Nov/2025:17:47:34 +0000] \"GET / HTTP/1.1\" 304 - \"-\" \"Mozilla/5.0 (X11; Linux x86_64) AppleWebKit/537.36 (KHTML, like Gecko) Chrome/142.0.0.0 Safari/537.36\"","service":"acquisitions-api"}
{"level":"info","message":"Hehehe Haw","service":"acquisitions-api"}
{"level":"info","message":"::1 - - [27/Nov/2025:17:17:40 +0000] \"GET / HTTP/1.1\" 304 - \"-\" \"Mozilla/5.0 (X11; Linux x86_64) AppleWebKit/537.36 (KHTML, like Gecko) Chrome/142.0.0.0 Safari/537.36\"","service":"acquisitions-api"}
{"level":"info","message":"::1 - - [27/Nov/2025:17:17:40 +0000] \"GET /favicon.ico HTTP/1.1\" 404 150 \"-\" \"Mozilla/5.0 (X11; Linux x86_64) AppleWebKit/537.36 (KHTML, like Gecko) Chrome/142.0.0.0 Safari/537.36\"","service":"acquisitions-api"}
{"level":"info","message":"::1 - - [27/Nov/2025:17:17:46 +0000] \"GET /health HTTP/1.1\" 200 75 \"-\" \"Mozilla/5.0 (X11; Linux x86_64) AppleWebKit/537.36 (KHTML, like Gecko) Chrome/142.0.0.0 Safari/537.36\"","service":"acquisitions-api"}
{"level":"info","message":"::1 - - [27/Nov/2025:17:22:12 +0000] \"POST /api/auth/sign-up HTTP/1.1\" 200 30 \"-\" \"PostmanRuntime/7.49.1\"","service":"acquisitions-api"}
{"level":"info","message":"::1 - - [27/Nov/2025:17:57:25 +0000] \"POST /api/auth/sign-up HTTP/1.1\" 400 92 \"-\" \"PostmanRuntime/7.49.1\"","service":"acquisitions-api"}
{"level":"info","message":"::1 - - [27/Nov/2025:17:57:45 +0000] \"POST /api/auth/sign-up HTTP/1.1\" 400 144 \"-\" \"PostmanRuntime/7.49.1\"","service":"acquisitions-api"}
{"level":"info","message":"User registered successfully: sharad@gmail.com","service":"acquisitions-api"}
{"level":"info","message":"::1 - - [27/Nov/2025:17:58:55 +0000] \"POST /api/auth/sign-up HTTP/1.1\" 201 113 \"-\" \"PostmanRuntime/7.49.1\"","service":"acquisitions-api"}
{"level":"info","message":"User registered successfully: sharad@gmail.com","service":"acquisitions-api"}
{"level":"info","message":"::1 - - [27/Nov/2025:17:59:01 +0000] \"POST /api/auth/sign-up HTTP/1.1\" 201 113 \"-\" \"PostmanRuntime/7.49.1\"","service":"acquisitions-api"}
{"level":"error","message":"Error hashing password: data and salt arguments required","service":"acquisitions-api","stack":"Error: data and salt arguments required\n    at Object.hash (/home/sharad-ritu/SHARAD/code-practice/acquisitions/node_modules/bcrypt/bcrypt.js:133:17)\n    at /home/sharad-ritu/SHARAD/code-practice/acquisitions/node_modules/bcrypt/promises.js:26:12\n    at new Promise (<anonymous>)\n    at Object.promise (/home/sharad-ritu/SHARAD/code-practice/acquisitions/node_modules/bcrypt/promises.js:17:12)\n    at Object.hash (/home/sharad-ritu/SHARAD/code-practice/acquisitions/node_modules/bcrypt/bcrypt.js:129:25)\n    at hashPassword (file:///home/sharad-ritu/SHARAD/code-practice/acquisitions/src/services/auth.service.js:9:25)\n    at createUser (file:///home/sharad-ritu/SHARAD/code-practice/acquisitions/src/services/auth.service.js:25:34)\n    at process.processTicksAndRejections (node:internal/process/task_queues:95:5)\n    at async signUp (file:///home/sharad-ritu/SHARAD/code-practice/acquisitions/src/controllers/auth.controller.js:21:18)"}
{"level":"error","message":"Error creating user: Failed to hash password","service":"acquisitions-api","stack":"Error: Failed to hash password\n    at hashPassword (file:///home/sharad-ritu/SHARAD/code-practice/acquisitions/src/services/auth.service.js:13:11)\n    at process.processTicksAndRejections (node:internal/process/task_queues:95:5)\n    at async createUser (file:///home/sharad-ritu/SHARAD/code-practice/acquisitions/src/services/auth.service.js:25:28)\n    at async signUp (file:///home/sharad-ritu/SHARAD/code-practice/acquisitions/src/controllers/auth.controller.js:21:18)"}
{"level":"error","message":"Error in signup: Failed to create user","service":"acquisitions-api","stack":"Error: Failed to create user\n    at createUser (file:///home/sharad-ritu/SHARAD/code-practice/acquisitions/src/services/auth.service.js:48:11)\n    at process.processTicksAndRejections (node:internal/process/task_queues:95:5)\n    at async signUp (file:///home/sharad-ritu/SHARAD/code-practice/acquisitions/src/controllers/auth.controller.js:21:18)"}
{"level":"info","message":"::1 - - [27/Nov/2025:18:21:30 +0000] \"POST /api/auth/sign-up HTTP/1.1\" 500 512 \"-\" \"PostmanRuntime/7.49.1\"","service":"acquisitions-api"}
{"level":"info","message":"User with email sharad@gmail.com created successfully with ID: 1","service":"acquisitions-api"}
{"level":"info","message":"::1 - - [27/Nov/2025:18:22:25 +0000] \"POST /api/auth/sign-up HTTP/1.1\" 201 120 \"-\" \"PostmanRuntime/7.49.1\"","service":"acquisitions-api"}
{"level":"error","message":"Error creating user: User already exists","service":"acquisitions-api","stack":"Error: User already exists\n    at createUser (file:///home/sharad-ritu/SHARAD/code-practice/acquisitions/src/services/auth.service.js:22:13)\n    at process.processTicksAndRejections (node:internal/process/task_queues:95:5)\n    at async signUp (file:///home/sharad-ritu/SHARAD/code-practice/acquisitions/src/controllers/auth.controller.js:21:18)"}
{"level":"error","message":"Error in signup: Failed to create user","service":"acquisitions-api","stack":"Error: Failed to create user\n    at createUser (file:///home/sharad-ritu/SHARAD/code-practice/acquisitions/src/services/auth.service.js:48:11)\n    at process.processTicksAndRejections (node:internal/process/task_queues:95:5)\n    at async signUp (file:///home/sharad-ritu/SHARAD/code-practice/acquisitions/src/controllers/auth.controller.js:21:18)"}
{"level":"info","message":"::1 - - [27/Nov/2025:18:23:34 +0000] \"POST /api/auth/sign-up HTTP/1.1\" 500 512 \"-\" \"PostmanRuntime/7.49.1\"","service":"acquisitions-api"}
{"level":"error","message":"Error creating user: User with this email already exists","service":"acquisitions-api","stack":"Error: User with this email already exists\n    at createUser (file:///home/sharad-ritu/SHARAD/code-practice/acquisitions/src/services/auth.service.js:22:13)\n    at process.processTicksAndRejections (node:internal/process/task_queues:95:5)\n    at async signUp (file:///home/sharad-ritu/SHARAD/code-practice/acquisitions/src/controllers/auth.controller.js:21:18)"}
{"level":"error","message":"Error in signup: Failed to create user","service":"acquisitions-api","stack":"Error: Failed to create user\n    at createUser (file:///home/sharad-ritu/SHARAD/code-practice/acquisitions/src/services/auth.service.js:48:11)\n    at process.processTicksAndRejections (node:internal/process/task_queues:95:5)\n    at async signUp (file:///home/sharad-ritu/SHARAD/code-practice/acquisitions/src/controllers/auth.controller.js:21:18)"}
{"level":"info","message":"::1 - - [27/Nov/2025:18:24:51 +0000] \"POST /api/auth/sign-up HTTP/1.1\" 500 512 \"-\" \"PostmanRuntime/7.49.1\"","service":"acquisitions-api"}
{"level":"error","message":"Error creating user: User with this email already exists","service":"acquisitions-api","stack":"Error: User with this email already exists\n    at createUser (file:///home/sharad-ritu/SHARAD/code-practice/acquisitions/src/services/auth.service.js:22:13)\n    at process.processTicksAndRejections (node:internal/process/task_queues:95:5)\n    at async signUp (file:///home/sharad-ritu/SHARAD/code-practice/acquisitions/src/controllers/auth.controller.js:21:18)"}
{"level":"error","message":"Error in signup: Failed to create user","service":"acquisitions-api","stack":"Error: Failed to create user\n    at createUser (file:///home/sharad-ritu/SHARAD/code-practice/acquisitions/src/services/auth.service.js:48:11)\n    at process.processTicksAndRejections (node:internal/process/task_queues:95:5)\n    at async signUp (file:///home/sharad-ritu/SHARAD/code-practice/acquisitions/src/controllers/auth.controller.js:21:18)"}
{"level":"info","message":"::1 - - [27/Nov/2025:18:24:53 +0000] \"POST /api/auth/sign-up HTTP/1.1\" 500 512 \"-\" \"PostmanRuntime/7.49.1\"","service":"acquisitions-api"}
{"level":"error","message":"Error creating user: User with this email already exists","service":"acquisitions-api","stack":"Error: User with this email already exists\n    at createUser (file:///home/sharad-ritu/SHARAD/code-practice/acquisitions/src/services/auth.service.js:22:13)\n    at process.processTicksAndRejections (node:internal/process/task_queues:95:5)\n    at async signUp (file:///home/sharad-ritu/SHARAD/code-practice/acquisitions/src/controllers/auth.controller.js:21:18)"}
{"level":"error","message":"Error in signup: Failed to create user","service":"acquisitions-api","stack":"Error: Failed to create user\n    at createUser (file:///home/sharad-ritu/SHARAD/code-practice/acquisitions/src/services/auth.service.js:48:11)\n    at process.processTicksAndRejections (node:internal/process/task_queues:95:5)\n    at async signUp (file:///home/sharad-ritu/SHARAD/code-practice/acquisitions/src/controllers/auth.controller.js:21:18)"}
{"level":"info","message":"::1 - - [27/Nov/2025:18:25:21 +0000] \"POST /api/auth/sign-up HTTP/1.1\" 500 512 \"-\" \"PostmanRuntime/7.49.1\"","service":"acquisitions-api"}
{"level":"error","message":"Error creating user: User with this email already exists","service":"acquisitions-api","stack":"Error: User with this email already exists\n    at createUser (file:///home/sharad-ritu/SHARAD/code-practice/acquisitions/src/services/auth.service.js:22:13)\n    at process.processTicksAndRejections (node:internal/process/task_queues:95:5)\n    at async signUp (file:///home/sharad-ritu/SHARAD/code-practice/acquisitions/src/controllers/auth.controller.js:21:18)"}
{"level":"error","message":"Error in signup: User with this email already exists","service":"acquisitions-api","stack":"Error: User with this email already exists\n    at createUser (file:///home/sharad-ritu/SHARAD/code-practice/acquisitions/src/services/auth.service.js:48:11)\n    at process.processTicksAndRejections (node:internal/process/task_queues:95:5)\n    at async signUp (file:///home/sharad-ritu/SHARAD/code-practice/acquisitions/src/controllers/auth.controller.js:21:18)"}
{"level":"info","message":"::1 - - [27/Nov/2025:18:26:21 +0000] \"POST /api/auth/sign-up HTTP/1.1\" 409 32 \"-\" \"PostmanRuntime/7.49.1\"","service":"acquisitions-api"}
{"level":"info","message":"User with email sharad2@gmail.com created successfully with ID: 2","service":"acquisitions-api"}
{"level":"info","message":"::1 - - [27/Nov/2025:18:28:22 +0000] \"POST /api/auth/sign-up HTTP/1.1\" 201 122 \"-\" \"PostmanRuntime/7.49.1\"","service":"acquisitions-api"}
{"level":"info","message":"::1 - - [28/Nov/2025:17:48:56 +0000] \"POST /api/auth/sign-in HTTP/1.1\" 200 116 \"-\" \"PostmanRuntime/7.49.1\"","service":"acquisitions-api"}
{"level":"info","message":"::1 - - [28/Nov/2025:17:49:04 +0000] \"POST /api/auth/sign-in HTTP/1.1\" 200 114 \"-\" \"PostmanRuntime/7.49.1\"","service":"acquisitions-api"}
{"level":"error","message":"Error signing in user: Invalid email or password","service":"acquisitions-api","stack":"Error: Invalid email or password\n    at signInUser (file:///home/sharad-ritu/SHARAD/code-practice/acquisitions/src/services/auth.service.js:62:13)\n    at async signIn (file:///home/sharad-ritu/SHARAD/code-practice/acquisitions/src/controllers/auth.controller.js:61:18)"}
{"level":"error","message":"Error in sign in: Invalid email or password","service":"acquisitions-api","stack":"Error: Invalid email or password\n    at signInUser (file:///home/sharad-ritu/SHARAD/code-practice/acquisitions/src/services/auth.service.js:71:11)\n    at async signIn (file:///home/sharad-ritu/SHARAD/code-practice/acquisitions/src/controllers/auth.controller.js:61:18)"}
{"level":"info","message":"::1 - - [28/Nov/2025:17:49:11 +0000] \"POST /api/auth/sign-in HTTP/1.1\" 401 37 \"-\" \"PostmanRuntime/7.49.1\"","service":"acquisitions-api"}
{"level":"info","message":"::1 - - [28/Nov/2025:17:50:02 +0000] \"POST /api/auth/sign-out HTTP/1.1\" 200 37 \"-\" \"PostmanRuntime/7.49.1\"","service":"acquisitions-api"}
